<?xml version="1.0" encoding="UTF-8"?>
<testng-results ignored="4" total="12" passed="3" failed="1" skipped="4">
  <reporter-output>
  </reporter-output>
  <suite started-at="2023-02-15T18:43:31 IST" name="Default suite" finished-at="2023-02-15T18:44:53 IST" duration-ms="82732">
    <groups>
    </groups>
    <test started-at="2023-02-15T18:43:31 IST" name="Default test" finished-at="2023-02-15T18:44:53 IST" duration-ms="82732">
      <class name="testNG.TestNGClass">
        <test-method is-config="true" signature="openBrowser()[pri:0, instance:testNG.TestNGClass@318ba8c8]" started-at="2023-02-15T18:43:31 IST" name="openBrowser" finished-at="2023-02-15T18:43:37 IST" duration-ms="6548" status="PASS">
          <reporter-output>
          </reporter-output>
        </test-method> <!-- openBrowser -->
        <test-method is-config="true" signature="openHomeOrMainPage()[pri:0, instance:testNG.TestNGClass@318ba8c8]" started-at="2023-02-15T18:43:37 IST" name="openHomeOrMainPage" finished-at="2023-02-15T18:43:44 IST" duration-ms="6796" status="PASS">
          <reporter-output>
          </reporter-output>
        </test-method> <!-- openHomeOrMainPage -->
        <test-method signature="handlePopUpsT1()[pri:0, instance:testNG.TestNGClass@318ba8c8]" started-at="2023-02-15T18:43:44 IST" name="handlePopUpsT1" finished-at="2023-02-15T18:43:47 IST" duration-ms="3048" status="PASS">
          <reporter-output>
          </reporter-output>
        </test-method> <!-- handlePopUpsT1 -->
        <test-method is-config="true" signature="afterMethod()[pri:0, instance:testNG.TestNGClass@318ba8c8]" started-at="2023-02-15T18:43:47 IST" name="afterMethod" finished-at="2023-02-15T18:43:47 IST" duration-ms="1" status="PASS">
          <reporter-output>
          </reporter-output>
        </test-method> <!-- afterMethod -->
        <test-method is-config="true" signature="openHomeOrMainPage()[pri:0, instance:testNG.TestNGClass@318ba8c8]" started-at="2023-02-15T18:43:47 IST" name="openHomeOrMainPage" finished-at="2023-02-15T18:43:55 IST" duration-ms="7364" status="PASS">
          <reporter-output>
          </reporter-output>
        </test-method> <!-- openHomeOrMainPage -->
        <test-method signature="goToAyurvedaPageT2()[pri:0, instance:testNG.TestNGClass@318ba8c8]" started-at="2023-02-15T18:43:55 IST" name="goToAyurvedaPageT2" finished-at="2023-02-15T18:43:57 IST" depends-on-methods="testNG.TestNGClass.handlePopUpsT1" duration-ms="2860" status="PASS">
          <reporter-output>
          </reporter-output>
        </test-method> <!-- goToAyurvedaPageT2 -->
        <test-method is-config="true" signature="afterMethod()[pri:0, instance:testNG.TestNGClass@318ba8c8]" started-at="2023-02-15T18:43:57 IST" name="afterMethod" finished-at="2023-02-15T18:43:57 IST" duration-ms="1" status="PASS">
          <reporter-output>
          </reporter-output>
        </test-method> <!-- afterMethod -->
        <test-method is-config="true" signature="openHomeOrMainPage()[pri:0, instance:testNG.TestNGClass@318ba8c8]" started-at="2023-02-15T18:43:57 IST" name="openHomeOrMainPage" finished-at="2023-02-15T18:44:22 IST" duration-ms="24161" status="PASS">
          <reporter-output>
          </reporter-output>
        </test-method> <!-- openHomeOrMainPage -->
        <test-method signature="testCase1A1()[pri:0, instance:testNG.TestNGClass@318ba8c8]" started-at="2023-02-15T18:44:22 IST" name="testCase1A1" finished-at="2023-02-15T18:44:35 IST" depends-on-methods="testNG.TestNGClass.goToAyurvedaPageT2" duration-ms="13487" status="PASS">
          <reporter-output>
          </reporter-output>
        </test-method> <!-- testCase1A1 -->
        <test-method is-config="true" signature="afterMethod()[pri:0, instance:testNG.TestNGClass@318ba8c8]" started-at="2023-02-15T18:44:35 IST" name="afterMethod" finished-at="2023-02-15T18:44:35 IST" duration-ms="1" status="PASS">
          <reporter-output>
          </reporter-output>
        </test-method> <!-- afterMethod -->
        <test-method is-config="true" signature="openHomeOrMainPage()[pri:0, instance:testNG.TestNGClass@318ba8c8]" started-at="2023-02-15T18:44:35 IST" name="openHomeOrMainPage" finished-at="2023-02-15T18:44:41 IST" duration-ms="6433" status="PASS">
          <reporter-output>
          </reporter-output>
        </test-method> <!-- openHomeOrMainPage -->
        <test-method signature="testCase1A2()[pri:0, instance:testNG.TestNGClass@318ba8c8]" started-at="2023-02-15T18:44:41 IST" name="testCase1A2" finished-at="2023-02-15T18:44:52 IST" depends-on-methods="testNG.TestNGClass.testCase1A1" duration-ms="10444" status="FAIL">
          <exception class="org.openqa.selenium.NoSuchElementException">
            <message>
              <![CDATA[no such element: Unable to locate element: {"method":"xpath","selector":"(//div[@class='style__product-box___3oEU6'])[1]//a[1]"}
  (Session info: chrome=110.0.5481.100)
For documentation on this error, please visit: https://www.seleniumhq.org/exceptions/no_such_element.html
Build info: version: '3.141.59', revision: 'e82be7d358', time: '2018-11-14T08:17:03'
System info: host: 'DESKTOP-M0TKCS7', ip: '192.168.64.109', os.name: 'Windows 10', os.arch: 'amd64', os.version: '10.0', java.version: '17.0.6'
Driver info: org.openqa.selenium.chrome.ChromeDriver
Capabilities {acceptInsecureCerts: false, browserName: chrome, browserVersion: 110.0.5481.100, chrome: {chromedriverVersion: 110.0.5481.77 (65ed616c6e8e..., userDataDir: C:\Users\S\AppData\Local\Te...}, goog:chromeOptions: {debuggerAddress: localhost:56826}, javascriptEnabled: true, networkConnectionEnabled: false, pageLoadStrategy: normal, platform: WINDOWS, platformName: WINDOWS, proxy: Proxy(), setWindowRect: true, strictFileInteractability: false, timeouts: {implicit: 0, pageLoad: 300000, script: 30000}, unhandledPromptBehavior: dismiss and notify, webauthn:extension:credBlob: true, webauthn:extension:largeBlob: true, webauthn:virtualAuthenticators: true}
Session ID: 925145416c8f48716b617dbf1d443928
*** Element info: {Using=xpath, value=(//div[@class='style__product-box___3oEU6'])[1]//a[1]}]]>
            </message>
            <full-stacktrace>
              <![CDATA[org.openqa.selenium.NoSuchElementException: no such element: Unable to locate element: {"method":"xpath","selector":"(//div[@class='style__product-box___3oEU6'])[1]//a[1]"}
  (Session info: chrome=110.0.5481.100)
For documentation on this error, please visit: https://www.seleniumhq.org/exceptions/no_such_element.html
Build info: version: '3.141.59', revision: 'e82be7d358', time: '2018-11-14T08:17:03'
System info: host: 'DESKTOP-M0TKCS7', ip: '192.168.64.109', os.name: 'Windows 10', os.arch: 'amd64', os.version: '10.0', java.version: '17.0.6'
Driver info: org.openqa.selenium.chrome.ChromeDriver
Capabilities {acceptInsecureCerts: false, browserName: chrome, browserVersion: 110.0.5481.100, chrome: {chromedriverVersion: 110.0.5481.77 (65ed616c6e8e..., userDataDir: C:\Users\S\AppData\Local\Te...}, goog:chromeOptions: {debuggerAddress: localhost:56826}, javascriptEnabled: true, networkConnectionEnabled: false, pageLoadStrategy: normal, platform: WINDOWS, platformName: WINDOWS, proxy: Proxy(), setWindowRect: true, strictFileInteractability: false, timeouts: {implicit: 0, pageLoad: 300000, script: 30000}, unhandledPromptBehavior: dismiss and notify, webauthn:extension:credBlob: true, webauthn:extension:largeBlob: true, webauthn:virtualAuthenticators: true}
Session ID: 925145416c8f48716b617dbf1d443928
*** Element info: {Using=xpath, value=(//div[@class='style__product-box___3oEU6'])[1]//a[1]}
at java.base/jdk.internal.reflect.NativeConstructorAccessorImpl.newInstance0(Native Method)
at java.base/jdk.internal.reflect.NativeConstructorAccessorImpl.newInstance(NativeConstructorAccessorImpl.java:77)
at java.base/jdk.internal.reflect.DelegatingConstructorAccessorImpl.newInstance(DelegatingConstructorAccessorImpl.java:45)
at java.base/java.lang.reflect.Constructor.newInstanceWithCaller(Constructor.java:499)
at java.base/java.lang.reflect.Constructor.newInstance(Constructor.java:480)
at org.openqa.selenium.remote.http.W3CHttpResponseCodec.createException(W3CHttpResponseCodec.java:187)
at org.openqa.selenium.remote.http.W3CHttpResponseCodec.decode(W3CHttpResponseCodec.java:122)
at org.openqa.selenium.remote.http.W3CHttpResponseCodec.decode(W3CHttpResponseCodec.java:49)
at org.openqa.selenium.remote.HttpCommandExecutor.execute(HttpCommandExecutor.java:158)
at org.openqa.selenium.remote.service.DriverCommandExecutor.execute(DriverCommandExecutor.java:83)
at org.openqa.selenium.remote.RemoteWebDriver.execute(RemoteWebDriver.java:552)
at org.openqa.selenium.remote.RemoteWebDriver.findElement(RemoteWebDriver.java:323)
at org.openqa.selenium.remote.RemoteWebDriver.findElementByXPath(RemoteWebDriver.java:428)
at org.openqa.selenium.By$ByXPath.findElement(By.java:353)
at org.openqa.selenium.remote.RemoteWebDriver.findElement(RemoteWebDriver.java:315)
at org.openqa.selenium.support.pagefactory.DefaultElementLocator.findElement(DefaultElementLocator.java:69)
at org.openqa.selenium.support.pagefactory.internal.LocatingElementHandler.invoke(LocatingElementHandler.java:38)
at jdk.proxy2/jdk.proxy2.$Proxy14.click(Unknown Source)
at pomClasses.AyurvedaMedicineSearchResultPage.firstOptionSelection(AyurvedaMedicineSearchResultPage.java:26)
at testNG.TestNGClass.testCase1A2(TestNGClass.java:99)
at java.base/jdk.internal.reflect.NativeMethodAccessorImpl.invoke0(Native Method)
at java.base/jdk.internal.reflect.NativeMethodAccessorImpl.invoke(NativeMethodAccessorImpl.java:77)
at java.base/jdk.internal.reflect.DelegatingMethodAccessorImpl.invoke(DelegatingMethodAccessorImpl.java:43)
at java.base/java.lang.reflect.Method.invoke(Method.java:568)
at org.testng.internal.MethodInvocationHelper.invokeMethod(MethodInvocationHelper.java:134)
at org.testng.internal.TestInvoker.invokeMethod(TestInvoker.java:597)
at org.testng.internal.TestInvoker.invokeTestMethod(TestInvoker.java:173)
at org.testng.internal.MethodRunner.runInSequence(MethodRunner.java:46)
at org.testng.internal.TestInvoker$MethodInvocationAgent.invoke(TestInvoker.java:816)
at org.testng.internal.TestInvoker.invokeTestMethods(TestInvoker.java:146)
at org.testng.internal.TestMethodWorker.invokeTestMethods(TestMethodWorker.java:146)
at org.testng.internal.TestMethodWorker.run(TestMethodWorker.java:128)
at java.base/java.util.ArrayList.forEach(ArrayList.java:1511)
at org.testng.TestRunner.privateRun(TestRunner.java:766)
at org.testng.TestRunner.run(TestRunner.java:587)
at org.testng.SuiteRunner.runTest(SuiteRunner.java:384)
at org.testng.SuiteRunner.runSequentially(SuiteRunner.java:378)
at org.testng.SuiteRunner.privateRun(SuiteRunner.java:337)
at org.testng.SuiteRunner.run(SuiteRunner.java:286)
at org.testng.SuiteRunnerWorker.runSuite(SuiteRunnerWorker.java:53)
at org.testng.SuiteRunnerWorker.run(SuiteRunnerWorker.java:96)
at org.testng.TestNG.runSuitesSequentially(TestNG.java:1187)
at org.testng.TestNG.runSuitesLocally(TestNG.java:1109)
at org.testng.TestNG.runSuites(TestNG.java:1039)
at org.testng.TestNG.run(TestNG.java:1007)
at org.testng.remote.AbstractRemoteTestNG.run(AbstractRemoteTestNG.java:115)
at org.testng.remote.RemoteTestNG.initAndRun(RemoteTestNG.java:251)
at org.testng.remote.RemoteTestNG.main(RemoteTestNG.java:77)
]]>
            </full-stacktrace>
          </exception> <!-- org.openqa.selenium.NoSuchElementException -->
          <reporter-output>
          </reporter-output>
        </test-method> <!-- testCase1A2 -->
        <test-method is-config="true" signature="afterMethod()[pri:0, instance:testNG.TestNGClass@318ba8c8]" started-at="2023-02-15T18:44:52 IST" name="afterMethod" finished-at="2023-02-15T18:44:52 IST" duration-ms="1" status="PASS">
          <reporter-output>
          </reporter-output>
        </test-method> <!-- afterMethod -->
        <test-method signature="testCase1A3()[pri:1, instance:testNG.TestNGClass@318ba8c8]" started-at="2023-02-15T18:44:52 IST" name="testCase1A3" finished-at="2023-02-15T18:44:52 IST" depends-on-methods="testNG.TestNGClass.handlePopUpsT1, testNG.TestNGClass.testCase1A1, testNG.TestNGClass.goToAyurvedaPageT2, testNG.TestNGClass.testCase1A2" duration-ms="0" status="SKIP">
          <exception class="java.lang.Throwable">
            <message>
              <![CDATA[Method TestNGClass.testCase1A3()[pri:1, instance:testNG.TestNGClass@318ba8c8] depends on not successfully finished methods]]>
            </message>
            <full-stacktrace>
              <![CDATA[java.lang.Throwable: Method TestNGClass.testCase1A3()[pri:1, instance:testNG.TestNGClass@318ba8c8] depends on not successfully finished methods
at org.testng.internal.TestInvoker.invokeTestMethods(TestInvoker.java:101)
at org.testng.internal.TestMethodWorker.invokeTestMethods(TestMethodWorker.java:146)
at org.testng.internal.TestMethodWorker.run(TestMethodWorker.java:128)
at java.base/java.util.ArrayList.forEach(ArrayList.java:1511)
at org.testng.TestRunner.privateRun(TestRunner.java:766)
at org.testng.TestRunner.run(TestRunner.java:587)
at org.testng.SuiteRunner.runTest(SuiteRunner.java:384)
at org.testng.SuiteRunner.runSequentially(SuiteRunner.java:378)
at org.testng.SuiteRunner.privateRun(SuiteRunner.java:337)
at org.testng.SuiteRunner.run(SuiteRunner.java:286)
at org.testng.SuiteRunnerWorker.runSuite(SuiteRunnerWorker.java:53)
at org.testng.SuiteRunnerWorker.run(SuiteRunnerWorker.java:96)
at org.testng.TestNG.runSuitesSequentially(TestNG.java:1187)
at org.testng.TestNG.runSuitesLocally(TestNG.java:1109)
at org.testng.TestNG.runSuites(TestNG.java:1039)
at org.testng.TestNG.run(TestNG.java:1007)
at org.testng.remote.AbstractRemoteTestNG.run(AbstractRemoteTestNG.java:115)
at org.testng.remote.RemoteTestNG.initAndRun(RemoteTestNG.java:251)
at org.testng.remote.RemoteTestNG.main(RemoteTestNG.java:77)
]]>
            </full-stacktrace>
          </exception> <!-- java.lang.Throwable -->
          <reporter-output>
          </reporter-output>
        </test-method> <!-- testCase1A3 -->
        <test-method signature="testCase1A4()[pri:0, instance:testNG.TestNGClass@318ba8c8]" started-at="2023-02-15T18:44:52 IST" name="testCase1A4" finished-at="2023-02-15T18:44:52 IST" depends-on-methods="testNG.TestNGClass.testCase1A3" duration-ms="0" status="SKIP">
          <exception class="java.lang.Throwable">
            <message>
              <![CDATA[Method TestNGClass.testCase1A4()[pri:0, instance:testNG.TestNGClass@318ba8c8] depends on not successfully finished methods]]>
            </message>
            <full-stacktrace>
              <![CDATA[java.lang.Throwable: Method TestNGClass.testCase1A4()[pri:0, instance:testNG.TestNGClass@318ba8c8] depends on not successfully finished methods
at org.testng.internal.TestInvoker.invokeTestMethods(TestInvoker.java:101)
at org.testng.internal.TestMethodWorker.invokeTestMethods(TestMethodWorker.java:146)
at org.testng.internal.TestMethodWorker.run(TestMethodWorker.java:128)
at java.base/java.util.ArrayList.forEach(ArrayList.java:1511)
at org.testng.TestRunner.privateRun(TestRunner.java:766)
at org.testng.TestRunner.run(TestRunner.java:587)
at org.testng.SuiteRunner.runTest(SuiteRunner.java:384)
at org.testng.SuiteRunner.runSequentially(SuiteRunner.java:378)
at org.testng.SuiteRunner.privateRun(SuiteRunner.java:337)
at org.testng.SuiteRunner.run(SuiteRunner.java:286)
at org.testng.SuiteRunnerWorker.runSuite(SuiteRunnerWorker.java:53)
at org.testng.SuiteRunnerWorker.run(SuiteRunnerWorker.java:96)
at org.testng.TestNG.runSuitesSequentially(TestNG.java:1187)
at org.testng.TestNG.runSuitesLocally(TestNG.java:1109)
at org.testng.TestNG.runSuites(TestNG.java:1039)
at org.testng.TestNG.run(TestNG.java:1007)
at org.testng.remote.AbstractRemoteTestNG.run(AbstractRemoteTestNG.java:115)
at org.testng.remote.RemoteTestNG.initAndRun(RemoteTestNG.java:251)
at org.testng.remote.RemoteTestNG.main(RemoteTestNG.java:77)
]]>
            </full-stacktrace>
          </exception> <!-- java.lang.Throwable -->
          <reporter-output>
          </reporter-output>
        </test-method> <!-- testCase1A4 -->
        <test-method signature="testCaseT3()[pri:0, instance:testNG.TestNGClass@318ba8c8]" started-at="2023-02-15T18:44:52 IST" name="testCaseT3" finished-at="2023-02-15T18:44:52 IST" depends-on-methods="testNG.TestNGClass.testCase1A3" duration-ms="1" status="SKIP">
          <exception class="java.lang.Throwable">
            <message>
              <![CDATA[Method TestNGClass.testCaseT3()[pri:0, instance:testNG.TestNGClass@318ba8c8] depends on not successfully finished methods]]>
            </message>
            <full-stacktrace>
              <![CDATA[java.lang.Throwable: Method TestNGClass.testCaseT3()[pri:0, instance:testNG.TestNGClass@318ba8c8] depends on not successfully finished methods
at org.testng.internal.TestInvoker.invokeTestMethods(TestInvoker.java:101)
at org.testng.internal.TestMethodWorker.invokeTestMethods(TestMethodWorker.java:146)
at org.testng.internal.TestMethodWorker.run(TestMethodWorker.java:128)
at java.base/java.util.ArrayList.forEach(ArrayList.java:1511)
at org.testng.TestRunner.privateRun(TestRunner.java:766)
at org.testng.TestRunner.run(TestRunner.java:587)
at org.testng.SuiteRunner.runTest(SuiteRunner.java:384)
at org.testng.SuiteRunner.runSequentially(SuiteRunner.java:378)
at org.testng.SuiteRunner.privateRun(SuiteRunner.java:337)
at org.testng.SuiteRunner.run(SuiteRunner.java:286)
at org.testng.SuiteRunnerWorker.runSuite(SuiteRunnerWorker.java:53)
at org.testng.SuiteRunnerWorker.run(SuiteRunnerWorker.java:96)
at org.testng.TestNG.runSuitesSequentially(TestNG.java:1187)
at org.testng.TestNG.runSuitesLocally(TestNG.java:1109)
at org.testng.TestNG.runSuites(TestNG.java:1039)
at org.testng.TestNG.run(TestNG.java:1007)
at org.testng.remote.AbstractRemoteTestNG.run(AbstractRemoteTestNG.java:115)
at org.testng.remote.RemoteTestNG.initAndRun(RemoteTestNG.java:251)
at org.testng.remote.RemoteTestNG.main(RemoteTestNG.java:77)
]]>
            </full-stacktrace>
          </exception> <!-- java.lang.Throwable -->
          <reporter-output>
          </reporter-output>
        </test-method> <!-- testCaseT3 -->
        <test-method signature="testCaseT4()[pri:1, instance:testNG.TestNGClass@318ba8c8]" started-at="2023-02-15T18:44:52 IST" name="testCaseT4" finished-at="2023-02-15T18:44:52 IST" depends-on-methods="testNG.TestNGClass.testCaseT3" duration-ms="0" status="SKIP">
          <exception class="java.lang.Throwable">
            <message>
              <![CDATA[Method TestNGClass.testCaseT4()[pri:1, instance:testNG.TestNGClass@318ba8c8] depends on not successfully finished methods]]>
            </message>
            <full-stacktrace>
              <![CDATA[java.lang.Throwable: Method TestNGClass.testCaseT4()[pri:1, instance:testNG.TestNGClass@318ba8c8] depends on not successfully finished methods
at org.testng.internal.TestInvoker.invokeTestMethods(TestInvoker.java:101)
at org.testng.internal.TestMethodWorker.invokeTestMethods(TestMethodWorker.java:146)
at org.testng.internal.TestMethodWorker.run(TestMethodWorker.java:128)
at java.base/java.util.ArrayList.forEach(ArrayList.java:1511)
at org.testng.TestRunner.privateRun(TestRunner.java:766)
at org.testng.TestRunner.run(TestRunner.java:587)
at org.testng.SuiteRunner.runTest(SuiteRunner.java:384)
at org.testng.SuiteRunner.runSequentially(SuiteRunner.java:378)
at org.testng.SuiteRunner.privateRun(SuiteRunner.java:337)
at org.testng.SuiteRunner.run(SuiteRunner.java:286)
at org.testng.SuiteRunnerWorker.runSuite(SuiteRunnerWorker.java:53)
at org.testng.SuiteRunnerWorker.run(SuiteRunnerWorker.java:96)
at org.testng.TestNG.runSuitesSequentially(TestNG.java:1187)
at org.testng.TestNG.runSuitesLocally(TestNG.java:1109)
at org.testng.TestNG.runSuites(TestNG.java:1039)
at org.testng.TestNG.run(TestNG.java:1007)
at org.testng.remote.AbstractRemoteTestNG.run(AbstractRemoteTestNG.java:115)
at org.testng.remote.RemoteTestNG.initAndRun(RemoteTestNG.java:251)
at org.testng.remote.RemoteTestNG.main(RemoteTestNG.java:77)
]]>
            </full-stacktrace>
          </exception> <!-- java.lang.Throwable -->
          <reporter-output>
          </reporter-output>
        </test-method> <!-- testCaseT4 -->
        <test-method is-config="true" signature="afterClass()[pri:0, instance:testNG.TestNGClass@318ba8c8]" started-at="2023-02-15T18:44:52 IST" name="afterClass" finished-at="2023-02-15T18:44:53 IST" duration-ms="1235" status="PASS">
          <reporter-output>
          </reporter-output>
        </test-method> <!-- afterClass -->
      </class> <!-- testNG.TestNGClass -->
    </test> <!-- Default test -->
  </suite> <!-- Default suite -->
</testng-results>
